[    0.000000] Initializing cgroup subsys cpuset
[    0.000000] Initializing cgroup subsys cpu
[    0.000000] Initializing cgroup subsys cpuacct
[    0.000000] Linux version 4.4.0-201-generic (buildd@lgw01-amd64-044) (gcc version 5.4.0 20160609 (Ubuntu 5.4.0-6ubuntu1~16.04.12) ) #233-Ubuntu SMP Thu Jan 14 06:10:28 UTC 2021 (Ubuntu 4.4.0-201.233-generic 4.4.247)
[    0.000000] Command line: BOOT_IMAGE=/boot/vmlinuz-4.4.0-201-generic root=LABEL=cloudimg-rootfs ro console=tty1 console=ttyS0
[    0.000000] KERNEL supported cpus:
[    0.000000]   Intel GenuineIntel
[    0.000000]   AMD AuthenticAMD
[    0.000000]   Centaur CentaurHauls
[    0.000000] [Firmware Bug]: TSC doesn't count with P0 frequency!
[    0.000000] x86/fpu: xstate_offset[2]:  576, xstate_sizes[2]:  256
[    0.000000] x86/fpu: Supporting XSAVE feature 0x01: 'x87 floating point registers'
[    0.000000] x86/fpu: Supporting XSAVE feature 0x02: 'SSE registers'
[    0.000000] x86/fpu: Supporting XSAVE feature 0x04: 'AVX registers'
[    0.000000] x86/fpu: Enabled xstate features 0x7, context size is 832 bytes, using 'standard' format.
[    0.000000] e820: BIOS-provided physical RAM map:
[    0.000000] BIOS-e820: [mem 0x0000000000000000-0x000000000009fbff] usable
[    0.000000] BIOS-e820: [mem 0x000000000009fc00-0x000000000009ffff] reserved
[    0.000000] BIOS-e820: [mem 0x00000000000f0000-0x00000000000fffff] reserved
[    0.000000] BIOS-e820: [mem 0x0000000000100000-0x00000000dffeffff] usable
[    0.000000] BIOS-e820: [mem 0x00000000dfff0000-0x00000000dfffffff] ACPI data
[    0.000000] BIOS-e820: [mem 0x00000000fec00000-0x00000000fec00fff] reserved
[    0.000000] BIOS-e820: [mem 0x00000000fee00000-0x00000000fee00fff] reserved
[    0.000000] BIOS-e820: [mem 0x00000000fffc0000-0x00000000ffffffff] reserved
[    0.000000] BIOS-e820: [mem 0x0000000100000000-0x000000021fffffff] usable
[    0.000000] NX (Execute Disable) protection: active
[    0.000000] SMBIOS 2.5 present.
[    0.000000] Hypervisor detected: KVM
[    0.000000] Kernel/User page tables isolation: disabled
[    0.000000] e820: last_pfn = 0x220000 max_arch_pfn = 0x400000000
[    0.000000] MTRR: Disabled
[    0.000000] x86/PAT: MTRRs disabled, skipping PAT initialization too.
[    0.000000] CPU MTRRs all blank - virtualized system.
[    0.000000] x86/PAT: Configuration [0-7]: WB  WT  UC- UC  WB  WT  UC- UC  
[    0.000000] e820: last_pfn = 0xdfff0 max_arch_pfn = 0x400000000
[    0.000000] found SMP MP-table at [mem 0x0009fff0-0x0009ffff] mapped at [ffff88000009fff0]
[    0.000000] Scanning 1 areas for low memory corruption
[    0.000000] RAMDISK: [mem 0x362e0000-0x37167fff]
[    0.000000] ACPI: Early table checksum verification disabled
[    0.000000] ACPI: RSDP 0x00000000000E0000 000024 (v02 VBOX  )
[    0.000000] ACPI: XSDT 0x00000000DFFF0030 00003C (v01 VBOX   VBOXXSDT 00000001 ASL  00000061)
[    0.000000] ACPI: FACP 0x00000000DFFF00F0 0000F4 (v04 VBOX   VBOXFACP 00000001 ASL  00000061)
[    0.000000] ACPI: DSDT 0x00000000DFFF0470 002325 (v02 VBOX   VBOXBIOS 00000002 INTL 20100528)
[    0.000000] ACPI: FACS 0x00000000DFFF0200 000040
[    0.000000] ACPI: FACS 0x00000000DFFF0200 000040
[    0.000000] ACPI: APIC 0x00000000DFFF0240 00005C (v02 VBOX   VBOXAPIC 00000001 ASL  00000061)
[    0.000000] ACPI: SSDT 0x00000000DFFF02A0 0001CC (v01 VBOX   VBOXCPUT 00000002 INTL 20100528)
[    0.000000] No NUMA configuration found
[    0.000000] Faking a node at [mem 0x0000000000000000-0x000000021fffffff]
[    0.000000] NODE_DATA(0) allocated [mem 0x21fff5000-0x21fff9fff]
[    0.000000] kvm-clock: Using msrs 4b564d01 and 4b564d00
[    0.000000] kvm-clock: cpu 0, msr 2:1ffed001, primary cpu clock
[    0.000000] kvm-clock: using sched offset of 3133423164 cycles
[    0.000000] clocksource: kvm-clock: mask: 0xffffffffffffffff max_cycles: 0x1cd42e4dffb, max_idle_ns: 881590591483 ns
[    0.000000] Zone ranges:
[    0.000000]   DMA      [mem 0x0000000000001000-0x0000000000ffffff]
[    0.000000]   DMA32    [mem 0x0000000001000000-0x00000000ffffffff]
[    0.000000]   Normal   [mem 0x0000000100000000-0x000000021fffffff]
[    0.000000]   Device   empty
[    0.000000] Movable zone start for each node
[    0.000000] Early memory node ranges
[    0.000000]   node   0: [mem 0x0000000000001000-0x000000000009efff]
[    0.000000]   node   0: [mem 0x0000000000100000-0x00000000dffeffff]
[    0.000000]   node   0: [mem 0x0000000100000000-0x000000021fffffff]
[    0.000000] Initmem setup node 0 [mem 0x0000000000001000-0x000000021fffffff]
[    0.000000] ACPI: PM-Timer IO Port: 0x4008
[    0.000000] IOAPIC[0]: apic_id 2, version 32, address 0xfec00000, GSI 0-23
[    0.000000] ACPI: INT_SRC_OVR (bus 0 bus_irq 0 global_irq 2 dfl dfl)
[    0.000000] ACPI: INT_SRC_OVR (bus 0 bus_irq 9 global_irq 9 low level)
[    0.000000] Using ACPI (MADT) for SMP configuration information
[    0.000000] smpboot: Allowing 2 CPUs, 0 hotplug CPUs
[    0.000000] PM: Registered nosave memory: [mem 0x00000000-0x00000fff]
[    0.000000] PM: Registered nosave memory: [mem 0x0009f000-0x0009ffff]
[    0.000000] PM: Registered nosave memory: [mem 0x000a0000-0x000effff]
[    0.000000] PM: Registered nosave memory: [mem 0x000f0000-0x000fffff]
[    0.000000] PM: Registered nosave memory: [mem 0xdfff0000-0xdfffffff]
[    0.000000] PM: Registered nosave memory: [mem 0xe0000000-0xfebfffff]
[    0.000000] PM: Registered nosave memory: [mem 0xfec00000-0xfec00fff]
[    0.000000] PM: Registered nosave memory: [mem 0xfec01000-0xfedfffff]
[    0.000000] PM: Registered nosave memory: [mem 0xfee00000-0xfee00fff]
[    0.000000] PM: Registered nosave memory: [mem 0xfee01000-0xfffbffff]
[    0.000000] PM: Registered nosave memory: [mem 0xfffc0000-0xffffffff]
[    0.000000] e820: [mem 0xe0000000-0xfebfffff] available for PCI devices
[    0.000000] Booting paravirtualized kernel on KVM
[    0.000000] clocksource: refined-jiffies: mask: 0xffffffff max_cycles: 0xffffffff, max_idle_ns: 7645519600211568 ns
[    0.000000] setup_percpu: NR_CPUS:512 nr_cpumask_bits:512 nr_cpu_ids:2 nr_node_ids:1
[    0.000000] PERCPU: Embedded 33 pages/cpu @ffff88021fc00000 s95640 r8192 d31336 u1048576
[    0.000000] Built 1 zonelists in Node order, mobility grouping on.  Total pages: 2064248
[    0.000000] Policy zone: Normal
[    0.000000] Kernel command line: BOOT_IMAGE=/boot/vmlinuz-4.4.0-201-generic root=LABEL=cloudimg-rootfs ro console=tty1 console=ttyS0
[    0.000000] PID hash table entries: 4096 (order: 3, 32768 bytes)
[    0.000000] Memory: 8156936K/8388152K available (8641K kernel code, 1337K rwdata, 4044K rodata, 1492K init, 1296K bss, 231216K reserved, 0K cma-reserved)
[    0.000000] SLUB: HWalign=64, Order=0-3, MinObjects=0, CPUs=2, Nodes=1
[    0.000000] Hierarchical RCU implementation.
[    0.000000] 	Build-time adjustment of leaf fanout to 64.
[    0.000000] 	RCU restricting CPUs from NR_CPUS=512 to nr_cpu_ids=2.
[    0.000000] RCU: Adjusting geometry for rcu_fanout_leaf=64, nr_cpu_ids=2
[    0.000000] NR_IRQS:33024 nr_irqs:440 16
[    0.000000] Console: colour VGA+ 80x25
[    0.000000] console [tty1] enabled
[    0.000000] console [ttyS0] enabled
[    0.000000] tsc: Detected 3600.002 MHz processor
[    0.348589] Calibrating delay loop (skipped) preset value.. 7200.00 BogoMIPS (lpj=14400008)
[    0.349983] pid_max: default: 32768 minimum: 301
[    0.350699] ACPI: Core revision 20150930
[    0.352207] ACPI: 2 ACPI AML tables successfully acquired and loaded
[    0.353485] Security Framework initialized
[    0.354154] Yama: becoming mindful.
[    0.354807] AppArmor: AppArmor initialized
[    0.358460] Dentry cache hash table entries: 1048576 (order: 11, 8388608 bytes)
[    0.371975] Inode-cache hash table entries: 524288 (order: 10, 4194304 bytes)
[    0.376226] Mount-cache hash table entries: 16384 (order: 5, 131072 bytes)
[    0.377321] Mountpoint-cache hash table entries: 16384 (order: 5, 131072 bytes)
[    0.378794] Initializing cgroup subsys io
[    0.379553] Initializing cgroup subsys memory
[    0.380289] Initializing cgroup subsys devices
[    0.382130] Initializing cgroup subsys freezer
[    0.382913] Initializing cgroup subsys net_cls
[    0.383667] Initializing cgroup subsys perf_event
[    0.384436] Initializing cgroup subsys net_prio
[    0.385203] Initializing cgroup subsys hugetlb
[    0.385947] Initializing cgroup subsys pids
[    0.392086] mce: CPU supports 0 MCE banks
[    0.392794] Last level iTLB entries: 4KB 1024, 2MB 1024, 4MB 512
[    0.393734] Last level dTLB entries: 4KB 1536, 2MB 1536, 4MB 768, 1GB 0
[    0.394899] Spectre V1 : Mitigation: usercopy/swapgs barriers and __user pointer sanitization
[    0.396286] Spectre V2 : Spectre mitigation: LFENCE not serializing, switching to generic retpoline
[    0.397693] Spectre V2 : Mitigation: Full generic retpoline
[    0.398542] Spectre V2 : Spectre v2 / SpectreRSB mitigation: Filling RSB on context switch
[    0.399884] Speculative Store Bypass: Mitigation: Speculative Store Bypass disabled via prctl and seccomp
[    0.403506] Freeing SMP alternatives memory: 36K
[    0.409496] ftrace: allocating 32361 entries in 127 pages
[    0.474343] smpboot: APIC(0) Converting physical 0 to logical package 0
[    0.475368] smpboot: Max logical packages: 1
[    0.476328] x2apic enabled
[    0.477071] Switched APIC routing to physical x2apic.
[    0.479025] ..TIMER: vector=0x30 apic1=0 pin1=2 apic2=-1 pin2=-1
[    0.588128] smpboot: CPU0: AMD Ryzen 5 1600X Six-Core Processor (family: 0x17, model: 0x1, stepping: 0x1)
[    0.589917] Performance Events: Broken PMU hardware detected, using software events only.
[    0.591401] Failed to access perfctr msr (MSR c0010007 is 0)
[    0.598345] KVM setup paravirtual spinlock
[    0.602465] x86: Booting SMP configuration:
[    0.603202] .... node  #0, CPUs:      #1
[    0.603971] kvm-clock: cpu 1, msr 2:1ffed041, secondary cpu clock
[    0.610105] mce: CPU supports 0 MCE banks
[    0.612719] x86: Booted up 1 node, 2 CPUs
[    0.613598] smpboot: Total of 2 processors activated (14400.00 BogoMIPS)
[    0.615000] devtmpfs: initialized
[    0.617915] evm: security.selinux
[    0.618538] evm: security.SMACK64
[    0.619137] evm: security.SMACK64EXEC
[    0.619806] evm: security.SMACK64TRANSMUTE
[    0.621518] evm: security.SMACK64MMAP
[    0.622165] evm: security.ima
[    0.622761] evm: security.capability
[    0.623536] clocksource: jiffies: mask: 0xffffffff max_cycles: 0xffffffff, max_idle_ns: 7645041785100000 ns
[    0.625084] futex hash table entries: 512 (order: 3, 32768 bytes)
[    0.626089] pinctrl core: initialized pinctrl subsystem
[    0.627053] RTC time: 17:01:07, date: 03/23/21
[    0.628221] NET: Registered protocol family 16
[    0.637871] cpuidle: using governor ladder
[    0.647644] cpuidle: using governor menu
[    0.648397] PCCT header not found.
[    0.649362] ACPI: bus type PCI registered
[    0.650056] acpiphp: ACPI Hot Plug PCI Controller Driver version: 0.5
[    0.651136] PCI: Using configuration type 1 for base access
[    0.652028] PCI: Using configuration type 1 for extended access
[    0.661870] ACPI: Added _OSI(Module Device)
[    0.662670] ACPI: Added _OSI(Processor Device)
[    0.663423] ACPI: Added _OSI(3.0 _SCP Extensions)
[    0.664161] ACPI: Added _OSI(Processor Aggregator Device)
[    0.665478] ACPI: Executed 1 blocks of module-level executable AML code
[    0.667996] ACPI: Interpreter enabled
[    0.668623] ACPI: (supports S0 S5)
[    0.669244] ACPI: Using IOAPIC for interrupt routing
[    0.670180] PCI: Using host bridge windows from ACPI; if necessary, use "pci=nocrs" and report a bug
[    0.682657] ACPI: PCI Root Bridge [PCI0] (domain 0000 [bus 00-ff])
[    0.691565] acpi PNP0A03:00: _OSC: OS supports [ExtendedConfig ASPM ClockPM Segments MSI]
[    0.693409] acpi PNP0A03:00: _OSC: platform does not support [PCIeCapability]
[    0.694950] acpi PNP0A03:00: _OSC: not requesting control; platform does not support [PCIeCapability]
[    0.696578] acpi PNP0A03:00: _OSC: OS requested [PCIeHotplug PME AER PCIeCapability]
[    0.697819] acpi PNP0A03:00: _OSC: platform willing to grant [PCIeHotplug PME AER]
[    0.699060] acpi PNP0A03:00: _OSC failed (AE_SUPPORT); disabling ASPM
[    0.700254] PCI host bridge to bus 0000:00
[    0.700944] pci_bus 0000:00: root bus resource [io  0x0000-0x0cf7 window]
[    0.701938] pci_bus 0000:00: root bus resource [io  0x0d00-0xffff window]
[    0.702990] pci_bus 0000:00: root bus resource [mem 0x000a0000-0x000bffff window]
[    0.704188] pci_bus 0000:00: root bus resource [mem 0xe0000000-0xfdffffff window]
[    0.705439] pci_bus 0000:00: root bus resource [bus 00-ff]
[    0.707904] pci 0000:00:01.1: legacy IDE quirk: reg 0x10: [io  0x01f0-0x01f7]
[    0.708923] pci 0000:00:01.1: legacy IDE quirk: reg 0x14: [io  0x03f6]
[    0.709877] pci 0000:00:01.1: legacy IDE quirk: reg 0x18: [io  0x0170-0x0177]
[    0.710905] pci 0000:00:01.1: legacy IDE quirk: reg 0x1c: [io  0x0376]
[    0.781782] pci 0000:00:07.0: quirk: [io  0x4000-0x403f] claimed by PIIX4 ACPI
[    0.783050] pci 0000:00:07.0: quirk: [io  0x4100-0x410f] claimed by PIIX4 SMB
[    0.832491] ACPI: PCI Interrupt Link [LNKA] (IRQs 5 9 10 *11)
[    0.834010] ACPI: PCI Interrupt Link [LNKB] (IRQs 5 9 *10 11)
[    0.835312] ACPI: PCI Interrupt Link [LNKC] (IRQs 5 *9 10 11)
[    0.836594] ACPI: PCI Interrupt Link [LNKD] (IRQs 5 9 10 *11)
[    0.837912] ACPI: Enabled 2 GPEs in block 00 to 07
[    0.838967] vgaarb: setting as boot device: PCI:0000:00:02.0
[    0.839961] vgaarb: device added: PCI:0000:00:02.0,decodes=io+mem,owns=io+mem,locks=none
[    0.841298] vgaarb: loaded
[    0.841818] vgaarb: bridge control possible 0000:00:02.0
[    0.842992] SCSI subsystem initialized
[    0.843756] ACPI: bus type USB registered
[    0.844523] usbcore: registered new interface driver usbfs
[    0.845561] usbcore: registered new interface driver hub
[    0.846433] usbcore: registered new device driver usb
[    0.850516] PCI: Using ACPI for IRQ routing
[    0.851539] NetLabel: Initializing
[    0.852165] NetLabel:  domain hash size = 128
[    0.852895] NetLabel:  protocols = UNLABELED CIPSOv4
[    0.853717] NetLabel:  unlabeled traffic allowed by default
[    0.854804] amd_nb: Cannot enumerate AMD northbridges
[    0.855612] clocksource: Switched to clocksource kvm-clock
[    0.867377] AppArmor: AppArmor Filesystem Enabled
[    0.868174] pnp: PnP ACPI init
[    0.869336] pnp: PnP ACPI: found 3 devices
[    0.878096] clocksource: acpi_pm: mask: 0xffffff max_cycles: 0xffffff, max_idle_ns: 2085701024 ns
[    0.879572] NET: Registered protocol family 2
[    0.880446] TCP established hash table entries: 65536 (order: 7, 524288 bytes)
[    0.881760] TCP bind hash table entries: 65536 (order: 8, 1048576 bytes)
[    0.885887] TCP: Hash tables configured (established 65536 bind 65536)
[    0.887379] UDP hash table entries: 4096 (order: 5, 131072 bytes)
[    0.888350] UDP-Lite hash table entries: 4096 (order: 5, 131072 bytes)
[    0.889426] NET: Registered protocol family 1
[    0.890176] pci 0000:00:00.0: Limiting direct PCI/PCI transfers
[    0.891125] pci 0000:00:01.0: Activating ISA DMA hang workarounds
[    0.892183] Unpacking initramfs...
[    1.149203] Freeing initrd memory: 14880K
[    1.150151] PCI-DMA: Using software bounce buffering for IO (SWIOTLB)
[    1.151103] software IO TLB: mapped [mem 0xdbff0000-0xdfff0000] (64MB)
[    1.152087] clocksource: tsc: mask: 0xffffffffffffffff max_cycles: 0x33e4559ce44, max_idle_ns: 440795364889 ns
[    1.153675] platform rtc_cmos: registered platform RTC device (no PNP device found)
[    1.154945] Scanning for low memory corruption every 60 seconds
[    1.156774] audit: initializing netlink subsys (disabled)
[    1.157699] audit: type=2000 audit(1616518872.762:1): initialized
[    1.158893] Initialise system trusted keyring
[    1.159749] HugeTLB registered 2 MB page size, pre-allocated 0 pages
[    1.161689] zbud: loaded
[    1.162705] VFS: Disk quotas dquot_6.6.0
[    1.163375] VFS: Dquot-cache hash table entries: 512 (order 0, 4096 bytes)
[    1.164499] squashfs: version 4.0 (2009/01/31) Phillip Lougher
[    1.168708] fuse init (API version 7.23)
[    1.169532] Key type big_key registered
[    1.170279] Allocating IMA MOK and blacklist keyrings.
[    1.172193] Key type asymmetric registered
[    1.172845] Asymmetric key parser 'x509' registered
[    1.173655] Block layer SCSI generic (bsg) driver version 0.4 loaded (major 249)
[    1.174982] io scheduler noop registered
[    1.175675] io scheduler deadline registered (default)
[    1.176642] io scheduler cfq registered
[    1.177380] pci_hotplug: PCI Hot Plug PCI Core version: 0.5
[    1.178383] pciehp: PCI Express Hot Plug Controller Driver version: 0.4
[    1.179528] ACPI: AC Adapter [AC] (on-line)
[    1.180367] input: Power Button as /devices/LNXSYSTM:00/LNXPWRBN:00/input/input0
[    1.181600] ACPI: Power Button [PWRF]
[    1.182287] input: Sleep Button as /devices/LNXSYSTM:00/LNXSLPBN:00/input/input1
[    1.183546] ACPI: Sleep Button [SLPF]
[    1.184379] GHES: HEST is not enabled!
[    1.185147] Serial: 8250/16550 driver, 32 ports, IRQ sharing enabled
[    1.206646] 00:02: ttyS0 at I/O 0x3f8 (irq = 4, base_baud = 115200) is a 16550A
[    1.209882] Linux agpgart interface v0.103
[    1.212352] loop: module loaded
[    1.213449] scsi host0: ata_piix
[    1.214147] scsi host1: ata_piix
[    1.214782] ata1: PATA max UDMA/33 cmd 0x1f0 ctl 0x3f6 bmdma 0xd000 irq 14
[    1.215805] ata2: PATA max UDMA/33 cmd 0x170 ctl 0x376 bmdma 0xd008 irq 15
[    1.216906] libphy: Fixed MDIO Bus: probed
[    1.217656] tun: Universal TUN/TAP device driver, 1.6
[    1.218458] tun: (C) 1999-2004 Max Krasnyansky <maxk@qualcomm.com>
[    1.219586] PPP generic driver version 2.4.2
[    1.220420] ehci_hcd: USB 2.0 'Enhanced' Host Controller (EHCI) Driver
[    1.221410] ehci-pci: EHCI PCI platform driver
[    1.222159] ehci-platform: EHCI generic platform driver
[    1.223007] ohci_hcd: USB 1.1 'Open' Host Controller (OHCI) Driver
[    1.223979] ohci-pci: OHCI PCI platform driver
[    1.224712] ohci-platform: OHCI generic platform driver
[    1.225536] uhci_hcd: USB Universal Host Controller Interface driver
[    1.226581] i8042: PNP: PS/2 Controller [PNP0303:PS2K,PNP0f03:PS2M] at 0x60,0x64 irq 1,12
[    1.228419] serio: i8042 KBD port at 0x60,0x64 irq 1
[    1.229467] serio: i8042 AUX port at 0x60,0x64 irq 12
[    1.230515] mousedev: PS/2 mouse device common for all mice
[    1.231822] input: AT Translated Set 2 keyboard as /devices/platform/i8042/serio0/input/input2
[    1.237828] rtc_cmos rtc_cmos: rtc core: registered rtc_cmos as rtc0
[    1.238828] rtc_cmos rtc_cmos: alarms up to one day, 114 bytes nvram
[    1.239774] i2c /dev entries driver
[    1.240499] device-mapper: uevent: version 1.0.3
[    1.241309] device-mapper: ioctl: 4.34.0-ioctl (2015-10-28) initialised: dm-devel@redhat.com
[    1.242672] ledtrig-cpu: registered to indicate activity on CPUs
[    1.243908] NET: Registered protocol family 10
[    1.244953] NET: Registered protocol family 17
[    1.245666] Key type dns_resolver registered
[    1.246675] registered taskstats version 1
[    1.247341] Loading compiled-in X.509 certificates
[    1.248566] Loaded X.509 cert 'Build time autogenerated kernel key: 9e5e2330314f2a00b0409bdb338e201244d5149f'
[    1.250092] zswap: loaded using pool lzo/zbud
[    1.252390] Key type trusted registered
[    1.255482] Key type encrypted registered
[    1.256178] AppArmor: AppArmor sha1 policy hashing enabled
[    1.256987] ima: No TPM chip found, activating TPM-bypass!
[    1.257804] ima: Allocated hash algorithm: sha1
[    1.258569] evm: HMAC attrs: 0x1
[    1.259444]   Magic number: 13:474:37
[    1.260141] bdi 7:2: hash matches
[    1.260822] rtc_cmos rtc_cmos: setting system clock to 2021-03-23 17:01:08 UTC (1616518868)
[    1.262408] BIOS EDD facility v0.16 2004-Jun-25, 0 devices found
[    1.263308] EDD information not available.
[    1.396191] Freeing unused kernel memory: 1492K
[    1.396985] Write protecting the kernel read-only data: 14336k
[    1.398213] Freeing unused kernel memory: 1588K
[    1.399077] Freeing unused kernel memory: 52K
Loading, please wait...
starting version 229
[    1.408917] random: systemd-udevd: uninitialized urandom read (16 bytes read, 3 bits of entropy available)
[    1.409123] random: udevadm: uninitialized urandom read (16 bytes read, 3 bits of entropy available)
[    1.409139] random: udevadm: uninitialized urandom read (16 bytes read, 3 bits of entropy available)
[    1.413618] random: systemd-udevd: uninitialized urandom read (16 bytes read, 3 bits of entropy available)
[    1.417971] random: systemd-udevd: uninitialized urandom read (16 bytes read, 3 bits of entropy available)
[    1.418655] random: udevadm: uninitialized urandom read (16 bytes read, 3 bits of entropy available)
[    1.418689] random: udevadm: uninitialized urandom read (16 bytes read, 3 bits of entropy available)
[    1.418794] random: udevadm: uninitialized urandom read (16 bytes read, 3 bits of entropy available)
[    1.418836] random: udevadm: uninitialized urandom read (16 bytes read, 3 bits of entropy available)
[    1.418876] random: udevadm: uninitialized urandom read (16 bytes read, 3 bits of entropy available)
[    1.460694] e1000: Intel(R) PRO/1000 Network Driver - version 7.3.21-k8-NAPI
[    1.461905] e1000: Copyright (c) 1999-2006 Intel Corporation.
[    1.463047] Fusion MPT base driver 3.04.20
[    1.471938] Copyright (c) 1999-2008 LSI Corporation
[    1.480834] Fusion MPT SPI Host driver 3.04.20
[    1.489967] AVX2 version of gcm_enc/dec engaged.
[    1.490858] AES CTR mode by8 optimization enabled
[    1.680910] input: ImExPS/2 Generic Explorer Mouse as /devices/platform/i8042/serio1/input/input4
[    1.821380] e1000 0000:00:03.0 eth0: (PCI:33MHz:32-bit) 02:d9:59:5c:1c:7b
[    1.822468] e1000 0000:00:03.0 eth0: Intel(R) PRO/1000 Network Connection
[    1.824092] mptbase: ioc0: Initiating bringup
[    2.479963] ioc0: LSI53C1030 A0: Capabilities={Initiator}
[    3.900669] scsi host2: ioc0: LSI53C1030 A0, FwRev=00000000h, Ports=1, MaxQ=256, IRQ=20
[    4.977561] scsi 2:0:0:0: Direct-Access     VBOX     HARDDISK         1.0  PQ: 0 ANSI: 5
[    4.979130] scsi target2:0:0: Beginning Domain Validation
[    4.980862] scsi target2:0:0: Domain Validation skipping write tests
[    4.981812] scsi target2:0:0: Ending Domain Validation
[    4.982680] scsi target2:0:0: asynchronous
[    4.983913] scsi 2:0:1:0: Direct-Access     VBOX     HARDDISK         1.0  PQ: 0 ANSI: 5
[    4.985271] scsi target2:0:1: Beginning Domain Validation
[    4.987127] scsi target2:0:1: Domain Validation skipping write tests
[    4.988065] scsi target2:0:1: Ending Domain Validation
[    4.988884] scsi target2:0:1: asynchronous
[    4.994117] sd 2:0:0:0: [sda] 83886080 512-byte logical blocks: (42.9 GB/40.0 GiB)
[    4.995563] sd 2:0:0:0: Attached scsi generic sg0 type 0
[    4.995819] sd 2:0:0:0: [sda] Write Protect is off
[    4.995875] sd 2:0:0:0: [sda] Incomplete mode parameter data
[    4.995876] sd 2:0:0:0: [sda] Assuming drive cache: write through
[    4.996627]  sda: sda1
[    4.997126] sd 2:0:0:0: [sda] Attached SCSI disk
[    5.000855] sd 2:0:1:0: Attached scsi generic sg1 type 0
[    5.000956] sd 2:0:1:0: [sdb] 20480 512-byte logical blocks: (10.5 MB/10.0 MiB)
[    5.001038] sd 2:0:1:0: [sdb] Write Protect is off
[    5.001089] sd 2:0:1:0: [sdb] Incomplete mode parameter data
[    5.001090] sd 2:0:1:0: [sdb] Assuming drive cache: write through
[    5.002799] sd 2:0:1:0: [sdb] Attached SCSI disk
[    5.327162] e1000 0000:00:08.0 eth1: (PCI:33MHz:32-bit) 08:00:27:49:40:f8
[    5.328404] e1000 0000:00:08.0 eth1: Intel(R) PRO/1000 Network Connection
[    5.330393] e1000 0000:00:08.0 enp0s8: renamed from eth1
[    5.340425] e1000 0000:00:03.0 enp0s3: renamed from eth0
Begin: Loading essential drivers ... [    7.147313] md: linear personality registered for level -1
[    7.149925] md: multipath personality registered for level -4
[    7.152453] md: raid0 personality registered for level 0
[    7.155818] md: raid1 personality registered for level 1
[    7.223996] raid6: sse2x1   gen()  7346 MB/s
[    7.292355] raid6: sse2x1   xor()  7585 MB/s
[    7.359737] raid6: sse2x2   gen() 14987 MB/s
[    7.429079] raid6: sse2x2   xor()  9987 MB/s
[    7.497487] raid6: sse2x4   gen() 16616 MB/s
[    7.564813] raid6: sse2x4   xor()  9041 MB/s
[    7.632206] raid6: avx2x1   gen() 16680 MB/s
[    7.700558] raid6: avx2x2   gen() 22206 MB/s
[    7.768937] raid6: avx2x4   gen() 21297 MB/s
[    7.769655] raid6: using algorithm avx2x2 gen() 22206 MB/s
[    7.770548] raid6: using avx2x2 recovery algorithm
[    7.772391] xor: automatically using best checksumming function:
[    7.811910]    avx       : 14188.000 MB/sec
[    7.813506] async_tx: api initialized (async)
[    7.820891] md: raid6 personality registered for level 6
[    7.821749] md: raid5 personality registered for level 5
[    7.822621] md: raid4 personality registered for level 4
[    7.827559] md: raid10 personality registered for level 10
done.
Begin: Running /scripts/init-premount ... done.
Begin: Mounting root file system ... Begin: Running /scripts/local-top ... done.
Begin: Running /scripts/local-premount ... [    7.851877] Btrfs loaded
Scanning for Btrfs filesystems
done.
Warning: fsck not present, so skipping root file system
[    7.871239] EXT4-fs (sda1): mounted filesystem with ordered data mode. Opts: (null)
done.
Begin: Running /scripts/local-bottom ... done.
Begin: Running /scripts/init-bottom ... done.
[    7.939925] systemd[1]: systemd 229 running in system mode. (+PAM +AUDIT +SELINUX +IMA +APPARMOR +SMACK +SYSVINIT +UTMP +LIBCRYPTSETUP +GCRYPT +GNUTLS +ACL +XZ -LZ4 +SECCOMP +BLKID +ELFUTILS +KMOD -IDN)
[    7.943678] systemd[1]: Detected virtualization oracle.
[    7.944626] systemd[1]: Detected architecture x86-64.

Welcome to [1mUbuntu 16.04.7 LTS[0m!

[    7.947421] systemd[1]: Set hostname to <ubuntu>.
[    7.949670] systemd[1]: Initializing machine ID from random generator.
[    7.950654] systemd[1]: Installed transient /etc/machine-id file.
[    8.041053] systemd[1]: Created slice System Slice.
[[0;32m  OK  [0m] Created slice System Slice.
[    8.042650] systemd[1]: Reached target System Time Synchronized.
[[0;32m  OK  [0m] Reached target System Time Synchronized.
[    8.044522] systemd[1]: Listening on Journal Socket.
[[0;32m  OK  [0m] Listening on Journal Socket.
[    8.063992] systemd[1]: Mounting Debug File System...
         Mounting Debug File System...
[    8.065828] systemd[1]: Starting Nameserver information manager...
         Starting Nameserver information manager...
[    8.067466] systemd[1]: Reached target Swap.
[[0;32m  OK  [0m] Reached target Swap.
[    8.068804] systemd[1]: Listening on LVM2 metadata daemon socket.
[[0;32m  OK  [0m] Listening on LVM2 metadata daemon socket.
[    8.071749] systemd[1]: Reached target User and Group Name Lookups.
[[0;32m  OK  [0m] Reached target User and Group Name Lookups.
[    8.073568] systemd[1]: Listening on Journal Audit Socket.
[[0;32m  OK  [0m] Listening on Journal Audit Socket.
[    8.075944] systemd[1]: Starting Remount Root and Kernel File Systems...
         Starting Remount Root and Kernel File Systems...
[    8.077815] systemd[1]: Started Forward Password Requests to Wall Directory Watch.
[    8.079160] EXT4-fs (sda1): re-mounted. Opts: (null)
[[0;32m  OK  [0m] Started Forward Password Requests to Wall Directory Watch.
[    8.081086] systemd[1]: Mounting Huge Pages File System...
         Mounting Huge Pages File System...
[    8.082618] systemd[1]: Reached target Encrypted Volumes.
[[0;32m  OK  [0m] Reached target Encrypted Volumes.
[    8.084421] systemd[1]: Created slice User and Session Slice.
[[0;32m  OK  [0m] Created slice User and Session Slice.
[    8.088669] systemd[1]: Starting Uncomplicated firewall...
         Starting Uncomplicated firewall...
[    8.090891] systemd[1]: Starting Create list of required static device nodes for the current kernel...
         Starting Create list of required st... nodes for the current kernel...
[    8.093866] systemd[1]: Created slice system-serial\x2dgetty.slice.
[[0;32m  OK  [0m] Created slice system-serial\x2dgetty.slice.
[    8.096002] systemd[1]: Started Trigger resolvconf update for networkd DNS.
[[0;32m  OK  [0m] Started Trigger resolvconf update for networkd DNS.
[    8.097893] systemd[1]: Listening on LVM2 poll daemon socket.
[[0;32m  OK  [0m] Listening on LVM2 poll daemon socket.
[    8.100789] systemd[1]: Starting Load Kernel Modules...
         Starting Load Kernel Modules...
[    8.102325] systemd[1]: Listening on udev Kernel Socket.
[[0;32m  OK  [0m] Listening on udev Kernel Socket.
[    8.104392] systemd[1]: Listening on Device-mapper event daemon FIFOs.
[[0;32m  OK  [0m] Listening on Device-mapper event daemon FIFOs.
[    8.106746] systemd[1]: Starting Set console keymap...
         Starting Set console keymap...
[    8.108338] Loading iSCSI transport class v2.0-870.
[    8.108385] systemd[1]: Listening on Journal Socket (/dev/log).
[[0;32m  OK  [0m] Listening on Journal Socket (/dev/log).
[    8.111074] systemd[1]: Listening on Syslog Socket.
[[0;32m  OK  [0m] Listening on Syslog Socket.
[    8.112882] systemd[1]: Reached target Slices.
[[0;32m  OK  [0m] Reached target Slices.
[    8.117261] systemd[1]: Mounting POSIX Message Queue File System...
         Mounting POSIX Message Queue File System...
[    8.120153] iscsi: registered transport (tcp)
[    8.120187] systemd[1]: Starting Monitoring of LVM2 mirrors, snapshots etc. using dmeventd or progress polling...
         Starting Monitoring of LVM2 mirrors... dmeventd or progress polling...
[    8.123732] systemd[1]: Listening on /dev/initctl Compatibility Named Pipe.
[[0;32m  OK  [0m] Listening on /dev/initctl Compatibility Named Pipe.
[    8.125865] systemd[1]: Set up automount Arbitrary Executable File Formats File System Automount Point.
[[0;32m  OK  [0m] Set up automount Arbitrary Executab...ats File System Automount Point.
[    8.130409] systemd[1]: Starting Journal Service...
         Starting Journal Service...
[    8.131837] systemd[1]: Listening on udev Control Socket.
[[0;32m  OK  [0m] Listening on udev Control Socket.
[    8.136573] systemd[1]: Mounted Huge Pages File System.
[[0;32m  OK  [0m] Mounted Huge Pages File System.
[    8.138263] systemd[1]: Mounted Debug File System.
[[0;32m  OK  [0m] Mounted Debug File System.
[    8.139752] systemd[1]: Mounted POSIX Message Queue File System.
[[0;32m  OK  [0m] Mounted POSIX Message Queue File System.
[    8.142322] systemd[1]: Started Remount Root and Kernel File Systems.
[[0;32m  OK  [0m] Started Remount Root and Kernel File Systems.
[    8.149405] systemd[1]: Started Uncomplicated firewall.
[[0;32m  OK  [0m] Started Uncomplicated firewall.
[    8.151492] systemd[1]: Started Create list of required static device nodes for the current kernel.
[[0;32m  OK  [0m] Started Create list of required sta...ce nodes for the current kernel.
[    8.154147] systemd[1]: Started Set console keymap.
[[0;32m  OK  [0m] Started Set console keymap.
[    8.156109] systemd[1]: Started Nameserver information manager.
[[0;32m  OK  [0m] Started Nameserver information manager.
[    8.160097] systemd[1]: Starting Create Static Device Nodes in /dev...
         Starting Create Static Device Nodes in /dev...
[    8.169019] systemd[1]: Starting udev Coldplug all Devices...
         Starting udev Coldplug all Devices...
[    8.172098] systemd[1]: Starting Load/Save Random Seed...
         Starting Load/Save Random Seed...
[    8.179958] systemd[1]: Started Load/Save Random Seed.
[[0;32m  OK  [0m] Started Load/Save Random Seed.
[    8.184353] systemd[1]: Started LVM2 metadata daemon.
[[0;32m  OK  [0m] Started LVM2 metadata daemon.
[    8.192121] systemd[1]: Started Journal Service.
[[0;32m  OK  [0m] Started Journal Service.
         Starting Flush Journal to Persistent Storage...
[    8.201428] systemd-journald[398]: Received request to flush runtime journal from PID 1
[[0;32m  OK  [0m] Started Create Static Device Nodes in /dev.
[[0;32m  OK  [0m] Started Flush Journal to Persistent Storage.
[    8.227493] iscsi: registered transport (iser)
         Starting udev Kernel Device Manager...
[[0;32m  OK  [0m] Started Load Kernel Modules.
         Starting Apply Kernel Variables...
         Mounting FUSE Control File System...
[[0;32m  OK  [0m] Mounted FUSE Control File System.
[[0;32m  OK  [0m] Started Apply Kernel Variables.
[[0;32m  OK  [0m] Started udev Coldplug all Devices.
[[0;32m  OK  [0m] Started udev Kernel Device Manager.
[[0;32m  OK  [0m] Started Dispatch Password Requests to Console Directory Watch.
[[0;32m  OK  [0m] Found device /dev/ttyS0.
[[0;32m  OK  [0m] Listening on Load/Save RF Kill Switch Status /dev/rfkill Watch.
[[0;32m  OK  [0m] Started Monitoring of LVM2 mirrors,...ng dmeventd or progress polling.
[[0;32m  OK  [0m] Reached target Local File Systems (Pre).
[[0;32m  OK  [0m] Reached target Local File Systems.
         Starting Create Volatile Files and Directories...
         Starting LSB: AppArmor initialization...
         Starting Set console font and keymap...
         Starting Tell Plymouth To Write Out Runtime Data...
         Starting Initial cloud-init job (pre-networking)...
         Starting Commit a transient machine-id on disk...
[[0;32m  OK  [0m] Started Create Volatile Files and Directories.
[[0;32m  OK  [0m] Started Tell Plymouth To Write Out Runtime Data.
         Starting Update UTMP about System Boot/Shutdown...
[[0;32m  OK  [0m] Started Update UTMP about System Boot/Shutdown.
[[0;32m  OK  [0m] Started Commit a transient machine-id on disk.
[[0;32m  OK  [0m] Started Set console font and keymap.
[[0;32m  OK  [0m] Created slice system-getty.slice.
[    9.260927] cloud-init[639]: Cloud-init v. 20.4.1-0ubuntu1~16.04.1 running 'init-local' at Tue, 23 Mar 2021 17:01:16 +0000. Up 8.99 seconds.
[[0;32m  OK  [0m] Started LSB: AppArmor initialization.
         Starting Load AppArmor profiles managed internally by snapd...
[[0;32m  OK  [0m] Started Initial cloud-init job (pre-networking).
[[0;32m  OK  [0m] Reached target Network (Pre).
         Starting Raise network interfaces...
[[0;32m  OK  [0m] Started Load AppArmor profiles managed internally by snapd.
[[0;32m  OK  [0m] Started Raise network interfaces.
[[0;32m  OK  [0m] Reached target Network.
         Starting Initial cloud-init job (metadata service crawler)...
[   10.177445] cloud-init[953]: Cloud-init v. 20.4.1-0ubuntu1~16.04.1 running 'init' at Tue, 23 Mar 2021 17:01:17 +0000. Up 9.68 seconds.
[   10.179180] cloud-init[953]: ci-info: ++++++++++++++++++++++++++++++++++++++Net device info+++++++++++++++++++++++++++++++++++++++
[   10.180874] cloud-init[953]: ci-info: +--------+-------+----------------------------+---------------+--------+-------------------+
[   10.182253] cloud-init[953]: ci-info: | Device |   Up  |          Address           |      Mask     | Scope  |     Hw-Address    |
[   10.183542] cloud-init[953]: ci-info: +--------+-------+----------------------------+---------------+--------+-------------------+
[   10.184903] cloud-init[953]: ci-info: | enp0s3 |  True |         10.0.2.15          | 255.255.255.0 | global | 02:d9:59:5c:1c:7b |
[   10.186344] cloud-init[953]: ci-info: | enp0s3 |  True | fe80::d9:59ff:fe5c:1c7b/64 |       .       |  link  | 02:d9:59:5c:1c:7b |
[   10.187876] cloud-init[953]: ci-info: | enp0s8 | False |             .              |       .       |   .    | 08:00:27:49:40:f8 |
[   10.189403] cloud-init[953]: ci-info: |   lo   |  True |         127.0.0.1          |   255.0.0.0   |  host  |         .         |
[   10.190707] cloud-init[953]: ci-info: |   lo   |  True |          ::1/128           |       .       |  host  |         .         |
[   10.191979] cloud-init[953]: ci-info: +--------+-------+----------------------------+---------------+--------+-------------------+
[   10.193281] cloud-init[953]: ci-info: +++++++++++++++++++++++++++Route IPv4 info++++++++++++++++++++++++++++
[   10.194479] cloud-init[953]: ci-info: +-------+-------------+----------+---------------+-----------+-------+
[   10.195622] cloud-init[953]: ci-info: | Route | Destination | Gateway  |    Genmask    | Interface | Flags |
[   10.196778] cloud-init[953]: ci-info: +-------+-------------+----------+---------------+-----------+-------+
[   10.209030] cloud-init[953]: ci-info: |   0   |   0.0.0.0   | 10.0.2.2 |    0.0.0.0    |   enp0s3  |   UG  |
[   10.210134] cloud-init[953]: ci-info: |   1   |   10.0.2.0  | 0.0.0.0  | 255.255.255.0 |   enp0s3  |   U   |
[   10.211319] cloud-init[953]: ci-info: +-------+-------------+----------+---------------+-----------+-------+
[   10.212598] cloud-init[953]: ci-info: +++++++++++++++++++Route IPv6 info+++++++++++++++++++
[   10.213870] cloud-init[953]: ci-info: +-------+-------------+---------+-----------+-------+
[   10.214972] cloud-init[953]: ci-info: | Route | Destination | Gateway | Interface | Flags |
[   10.216027] cloud-init[953]: ci-info: +-------+-------------+---------+-----------+-------+
[   10.217088] cloud-init[953]: ci-info: |   0   |  fe80::/64  |    ::   |   enp0s3  |   U   |
[   10.218266] cloud-init[953]: ci-info: |   3   |   ff00::/8  |    ::   |   enp0s3  |   U   |
[   10.219280] cloud-init[953]: ci-info: +-------+-------------+---------+-----------+-------+
[   10.220318] cloud-init[953]: Generating public/private rsa key pair.
[   10.221527] cloud-init[953]: Your identification has been saved in /etc/ssh/ssh_host_rsa_key.
[   10.222622] cloud-init[953]: Your public key has been saved in /etc/ssh/ssh_host_rsa_key.pub.
[   10.223795] cloud-init[953]: The key fingerprint is:
[   10.224669] cloud-init[953]: SHA256:fNcA+RX4LD4gH+8qL8D1NEzynVlFygZ7u29ZJHcSsQk root@ubuntu-xenial
[   10.232473] cloud-init[953]: The key's randomart image is:
[   10.233275] cloud-init[953]: +---[RSA 2048]----+
[   10.233984] cloud-init[953]: |          ..E.o=o|
[   10.234688] cloud-init[953]: |        . o..=++ |
[   10.235465] cloud-init[953]: |         = ooBB. |
[   10.241228] cloud-init[953]: |       .o B *==.+|
[   10.241827] cloud-init[953]: |     . .S=.*..o=.|
[   10.242625] cloud-init[953]: |      o  .o.+  ..|
[   10.243369] cloud-init[953]: |       .   . .. o|
[   10.244104] cloud-init[953]: |        o   .  o.|
[   10.244774] cloud-init[953]: |         +o.   ..|
[   10.245580] cloud-init[953]: +----[SHA256]-----+
[   10.246251] cloud-init[953]: Generating public/private dsa key pair.
[   10.247097] cloud-init[953]: Your identification has been saved in /etc/ssh/ssh_host_dsa_key.
[   10.252853] [[0;32m  OK  [0m] Started Initial cloud-init job (metadata service crawler).
[[0;32m  OK  [0m] Reached target Network is Online.
cloud-init[953]: Your public key has been saved in /etc/ssh/ssh_host_dsa_key.pub.
[   10.255148] cloud-init[953]: The key fingerprint is:
[   10.255902] cloud-init[953]: SHA256:itTngOWmU/VzDF9Mf0S5RapojH6pWzVQJpFtY7N9OEM root@ubuntu-xenial
[   10.257085] cloud-init[953]: The key's randomart image is:
[   10.257995] cloud-init[953]: +---[DSA 1024]----+
[   10.258869] cloud-init[953]: |          o+o .o=|
[   10.259663] cloud-init[953]: |          .+*oE=.|
[   10.260381] cloud-init[953]: |      . . oo *+.=|
[   10.261295] cloud-init[953]: |     = . + *.o=.o|
[   10.262104] cloud-init[953]: |    o * S * B  + |
[   10.262883] cloud-init[953]: |   . = * . = .   |
[   10.263722] cloud-init[953]: |    + . o +      |
[   10.264474] cloud-init[953]: |     .   +       |
[   10.265332] cloud-init[953]: |        o.       |
[   10.266460] cloud-init[953]: +----[SHA256]-----+
[   10.267177] cloud-init[953]: Generating public/private ecdsa key pair.
[   10.268080] cloud-init[953]: Your identification has been saved in /etc/ssh/ssh_host_ecdsa_key.
[   10.269449] cloud-init[953]: Your public key has been saved in /etc/ssh/ssh_host_ecdsa_key.pub.
[   10.270786] cloud-init[953]: The key fingerprint is:
[   10.271739] cloud-init[953]: SHA256:SLRK6iu5A7b/6hZH3ziyBkV4tu4kb8o6yUSMgOAMol0 root@ubuntu-xenial         Starting iSCSI initiator daemon (iscsid)...
[[0;32m  OK  [0m] Reached target Cloud-config availability.
[[0;32m  OK  [0m] Reached target System Initialization.

         Starting LXD - unix socket.
[[0;32m  OK  [0m] Listening on D-Bus System Message Bus Socket.
[[0;32m  OK  [0m] Listening on UUID daemon activation socket.
[[0;32m  OK  [0m] Started Daily Cleanup of Temporary Directories.
[   10.277532] cloud-init[953]: The key's randomart image is:
[   10.277678] cloud-init[953]: +---[ECDSA 256]---+
[   10.278301] cloud-init[953]: |*   E .          |
[   10.278598] cloud-init[953]: |O. o = .         |
[   10.279101] cloud-init[953]: |=o. = +          |
[   10.279387] cloud-init[953]: |.o o * .         |
[   10.280053] cloud-init[953]: |. . = o S        |
[   10.280332] cloud-init[953]: |.+ + = + .       |
[   10.280845] cloud-init[953]: |=.+ O o .        |
[   10.281128] cloud-init[953]: |+=.o *           |
[   10.281612] cloud-init[953]: |.=B**.           |
[   10.281910] cloud-init[953]: +----[SHA256]-----+
[   10.282422] cloud-init[953]: Generating public/private ed25519 key pair.
[   10.282708] cloud-init[953]: Your identification has been saved in /etc/ssh/ssh_host_ed25519_key.
[   10.283926] cloud-init[953]: Your public key has been saved in /etc/ssh/ssh_host_ed25519_key.pub.
[   10.284105] cloud-init[953]: The key fingerprint is:
[   10.285018] cloud-init[953]: SHA256:IL7KYdNNY5ZTdTyW+P9eSohM2t4hLqa9YbmDEnpNvF4 root@ubuntu-xenial
[   10.285254] cloud-init[953]: The key's randomart image is:
[   10.286226] cloud-init[953]: +--[ED25519 256]--+
[   10.286536] cloud-init[953]: |          .o..   |
[   10.287078] cloud-init[953]: |         ...=    |
[   10.287417] cloud-init[953]: |    . . .  o .   |
[   10.287738] cloud-init[953]: |   . . +    .    |
[   10.288276] cloud-init[953]: |    ..B S .  .   |
[   10.288599] cloud-init[953]: |   ..*oo * . ..  |
[   10.289189] cloud-init[953]: |  +.o+.oE = o ...|
[   10.289648] cloud-init[953]: | o.+o +++= o o .o|
[   10.289997] cloud-init[953]: |  o. ooo++o . ...|
[   10.290435] cloud-init[953]: +----[SHA256]-----+
[[0;32m  OK  [0m] Started Message of the Day.
[[0;32m  OK  [0m] Started ACPI Events Check.
[[0;32m  OK  [0m] Reached target Paths.
[[0;32m  OK  [0m] Listening on ACPID Listen Socket.
         Starting Socket activation for snappy daemon.
[[0;32m  OK  [0m] Started Daily apt download activities.
[[0;32m  OK  [0m] Started Daily apt upgrade and clean activities.
[[0;32m  OK  [0m] Reached target Timers.
[[0;32m  OK  [0m] Listening on LXD - unix socket.
[[0;32m  OK  [0m] Listening on Socket activation for snappy daemon.
[[0;32m  OK  [0m] Reached target Sockets.
[[0;32m  OK  [0m] Reached target Basic System.
         Starting Login Service...
[[0;32m  OK  [0m] Started D-Bus System Message Bus.
[[0;32m  OK  [0m] Started Deferred execution scheduler.
         Starting LSB: MD monitoring daemon...
[[0;32m  OK  [0m] Started FUSE filesystem for LXC.
         Starting Pollinate to seed the pseudo random number generator...
         Starting Virtualbox guest utils...
[[0;32m  OK  [0m] Started Regular background program processing daemon.
         Starting Accounts Service...
[[0;32m  OK  [0m] Started ACPI event daemon.
         Starting LSB: Record successful boot for GRUB...
         Starting Snap Daemon...
         Starting /etc/rc.local Compatibility...
         Starting System Logging Service...
         Starting LXD - container startup/shutdown...
[[0;32m  OK  [0m] Started /etc/rc.local Compatibility.
[[0;32m  OK  [0m] Started Login Service.
[[0;32m  OK  [0m] Started Unattended Upgrades Shutdown.
[[0;32m  OK  [0m] Started iSCSI initiator daemon (iscsid).
         Starting Login to default iSCSI targets...
[[0;32m  OK  [0m] Started LSB: Record successful boot for GRUB.
[[0;32m  OK  [0m] Started LSB: MD monitoring daemon.
[[0;32m  OK  [0m] Started System Logging Service.
[[0;32m  OK  [0m] Started Login to default iSCSI targets.
[[0;32m  OK  [0m] Reached target Remote File Systems (Pre).
[[0;32m  OK  [0m] Reached target Remote File Systems.
         Starting Permit User Sessions...
         Starting LSB: daemon to balance interrupts for SMP systems...
         Starting LSB: Set the CPU Frequency Scaling governor to "ondemand"...
         Starting LSB: automatic crash report generation...
[[0;32m  OK  [0m] Started Permit User Sessions.
         Starting Authenticate and Authorize Users to Run Privileged Tasks...
         Starting Terminate Plymouth Boot Screen...
         Starting Hold until boot process finishes up...
[[0;32m  OK  [0m] Started LSB: Set the CPU Frequency Scaling governor to "ondemand".
[[0;32m  OK  [0m] Started Hold until boot process finishes up.
         Starting Set console scheme...
[[0;32m  OK  [0m] Started Serial Getty on ttyS0.
[[0;32m  OK  [0m] Started Getty on tty1.
[[0;32m  OK  [0m] Reached target Login Prompts.
[[0;32m  OK  [0m] Started Terminate Plymouth Boot Screen.
[[0;32m  OK  [0m] Started Set console scheme.
[[0;32m  OK  [0m] Started LSB: daemon to balance interrupts for SMP systems.
[[0;32m  OK  [0m] Started LSB: automatic crash report generation.
[[0;32m  OK  [0m] Started Authenticate and Authorize Users to Run Privileged Tasks.
[[0;32m  OK  [0m] Started LXD - container startup/shutdown.
[[0;32m  OK  [0m] Started Virtualbox guest utils.
[[0;32m  OK  [0m] Started Accounts Service.
[[0;32m  OK  [0m] Started Snap Daemon.
         Starting Wait until snapd is fully seeded...
[[0;32m  OK  [0m] Started Pollinate to seed the pseudo random number generator.
         Starting OpenBSD Secure Shell server...
[[0;32m  OK  [0m] Started OpenBSD Secure Shell server.
[[0;32m  OK  [0m] Started Wait until snapd is fully seeded.
         Starting Apply the settings specified in cloud-config...
[[0;32m  OK  [0m] Reached target Multi-User System.
[[0;32m  OK  [0m] Reached target Graphical Interface.
         Starting Update UTMP about System Runlevel Changes...
[[0;32m  OK  [0m] Started Update UTMP about System Runlevel Changes.
[   11.602204] cloud-init[1289]: Generating locales (this might take a while)...
[[0;32m  OK  [0m] Created slice User Slice of vagrant.
         Starting User Manager for UID 1000...
[[0;32m  OK  [0m] Started Session 1 of user vagrant.
[[0;32m  OK  [0m] Started User Manager for UID 1000.
[   12.342985] cloud-init[1289]:   en_US.UTF-8... done
[   12.343818] cloud-init[1289]: Generation complete.
[   12.615160] cloud-init[1289]: Cloud-init v. 20.4.1-0ubuntu1~16.04.1 running 'modules:config' at Tue, 23 Mar 2021 17:01:19 +0000. Up 11.49 seconds.
[[0;32m  OK  [0m] Started Apply the settings specified in cloud-config.
         Starting Execute cloud user/final scripts...
ci-info: no authorized SSH keys fingerprints found for user ubuntu.
<14>Mar 23 17:01:20 ec2: 
<14>Mar 23 17:01:20 ec2: #############################################################
<14>Mar 23 17:01:20 ec2: -----BEGIN SSH HOST KEY FINGERPRINTS-----
<14>Mar 23 17:01:20 ec2: 1024 SHA256:itTngOWmU/VzDF9Mf0S5RapojH6pWzVQJpFtY7N9OEM root@ubuntu-xenial (DSA)
<14>Mar 23 17:01:20 ec2: 256 SHA256:SLRK6iu5A7b/6hZH3ziyBkV4tu4kb8o6yUSMgOAMol0 root@ubuntu-xenial (ECDSA)
<14>Mar 23 17:01:20 ec2: 256 SHA256:IL7KYdNNY5ZTdTyW+P9eSohM2t4hLqa9YbmDEnpNvF4 root@ubuntu-xenial (ED25519)
<14>Mar 23 17:01:20 ec2: 2048 SHA256:fNcA+RX4LD4gH+8qL8D1NEzynVlFygZ7u29ZJHcSsQk root@ubuntu-xenial (RSA)
<14>Mar 23 17:01:20 ec2: -----END SSH HOST KEY FINGERPRINTS-----
<14>Mar 23 17:01:20 ec2: #############################################################
-----BEGIN SSH HOST KEY KEYS-----
ecdsa-sha2-nistp256 AAAAE2VjZHNhLXNoYTItbmlzdHAyNTYAAAAIbmlzdHAyNTYAAABBBB8gr/N/s7nXHJqVUdzgwzF5IQYGAmH8RCBBZ1O45x1SKvcurjTLQxblPQPj3382LjEkdk8cLoD5Zw1fknvG5F0= root@ubuntu-xenial
ssh-ed25519 AAAAC3NzaC1lZDI1NTE5AAAAIAqq/FP/MRhXjK1Bn8fA7ABMiLs7BMHbhGAoQqW1FebN root@ubuntu-xenial
ssh-rsa AAAAB3NzaC1yc2EAAAADAQABAAABAQDB5+cicvwVnBncC3XA3wN0JERcegznn4YrkajYudXVgbjLGbrLe2KaiY06eRULa1KaKYJCsGIKlEa+WjG1KKmoPrr2A5sXTeKbNjruIqc9SGJDyq+Uu8r4M/FdbiJvhPIbhenmd4nOxNV3zYT5UByu204K4+8C53LNQtRHpQIarepYGvQbeQKQYId7pyqJKaZryS4+QI2/UinwE3YV6QxJoshxAwEHCtu12VS7kS98v1MyI35vQIN3vYGPs3Y0TQNz96w/BlxSI+5Ucplfvk917STUem5CtbtdTZLyR2MRnu6KvzWm3HA4Zl2c8o/7zptiP7fNX+2caRoE94eAnSPP root@ubuntu-xenial
-----END SSH HOST KEY KEYS-----
[   13.026376] cloud-init[1401]: Cloud-init v. 20.4.1-0ubuntu1~16.04.1 running 'modules:final' at Tue, 23 Mar 2021 17:01:20 +0000. Up 12.90 seconds.
[   13.028099] cloud-init[1401]: ci-info: no authorized SSH keys fingerprints found for user ubuntu.
[   13.029431] cloud-init[1401]: Cloud-init v. 20.4.1-0ubuntu1~16.04.1 finished at Tue, 23 Mar 2021 17:01:20 +0000. Datasource DataSourceNoCloud [seed=/dev/sdb][dsmode=net].  Up 13.02 seconds
[[0;32m  OK  [0m] Started Execute cloud user/final scripts.
[[0;32m  OK  [0m] Reached target Cloud-init target.

Ubuntu 16.04.7 LTS ubuntu-xenial ttyS0

ubuntu-xenial login: 